# JRE version: OpenJDK Runtime Environment Temurin-18.0.2.1+1 (18.0.2.1+1) (build 18.0.2.1+1)
# Java VM: OpenJDK 64-Bit Server VM Temurin-18.0.2.1+1 (18.0.2.1+1, mixed mode, tiered, compressed oops, compressed class ptrs, g1 gc, windows-amd64)
GC Precious Log:
 CardTable entry size: 512
 Card Set container configuration: InlinePtr #cards 5 size 8 Array Of Cards #cards 12 size 40 Howl #buckets 4 coarsen threshold 1843 Howl Bitmap #cards 512 size 80 coarsen threshold 460 Card regions per heap region 1 cards per card region 2048
 CPUs: 4 total, 4 available
 Memory: 7878M
 Large Page Support: Disabled
 NUMA Support: Disabled
 Compressed Oops: Enabled (32-bit)
 Heap Region Size: 1M
 Heap Min Capacity: 8M
 Heap Initial Capacity: 124M
 Heap Max Capacity: 1970M
 Pre-touch: Disabled
 Parallel Workers: 4
 Concurrent Workers: 1
 Concurrent Refinement Workers: 4
 Periodic GC: Disabled
Heap:
 garbage-first heap   total 70656K, used 27522K [0x0000000084e00000, 0x0000000100000000)
  region size 1024K, 6 young (6144K), 4 survivors (4096K)
 Metaspace       used 62523K, committed 63040K, reserved 1114112K
  class space    used 7627K, committed 7872K, reserved 1048576K
GC Heap History (20 events):
Event: 7.841 GC heap before
{Heap before GC invocations=15 (full 0):
 garbage-first heap   total 58368K, used 46751K [0x0000000084e00000, 0x0000000100000000)
  region size 1024K, 31 young (31744K), 3 survivors (3072K)
 Metaspace       used 44028K, committed 44352K, reserved 1114112K
  class space    used 5190K, committed 5312K, reserved 1048576K
}
Event: 7.846 GC heap after
{Heap after GC invocations=16 (full 0):
 garbage-first heap   total 58368K, used 18595K [0x0000000084e00000, 0x0000000100000000)
  region size 1024K, 3 young (3072K), 3 survivors (3072K)
 Metaspace       used 44028K, committed 44352K, reserved 1114112K
  class space    used 5190K, committed 5312K, reserved 1048576K
}
Event: 8.413 GC heap before
{Heap before GC invocations=16 (full 0):
 garbage-first heap   total 58368K, used 47267K [0x0000000084e00000, 0x0000000100000000)
  region size 1024K, 31 young (31744K), 3 survivors (3072K)
 Metaspace       used 47205K, committed 47552K, reserved 1114112K
  class space    used 5548K, committed 5696K, reserved 1048576K
}
Event: 8.418 GC heap after
{Heap after GC invocations=17 (full 0):
 garbage-first heap   total 58368K, used 19995K [0x0000000084e00000, 0x0000000100000000)
  region size 1024K, 3 young (3072K), 3 survivors (3072K)
 Metaspace       used 47205K, committed 47552K, reserved 1114112K
  class space    used 5548K, committed 5696K, reserved 1048576K
}
Event: 8.889 GC heap before
{Heap before GC invocations=17 (full 0):
 garbage-first heap   total 58368K, used 46619K [0x0000000084e00000, 0x0000000100000000)
  region size 1024K, 29 young (29696K), 3 survivors (3072K)
 Metaspace       used 49786K, committed 50112K, reserved 1114112K
  class space    used 5861K, committed 6016K, reserved 1048576K
}
Event: 8.894 GC heap after
{Heap after GC invocations=18 (full 0):
 garbage-first heap   total 58368K, used 21488K [0x0000000084e00000, 0x0000000100000000)
  region size 1024K, 4 young (4096K), 4 survivors (4096K)
 Metaspace       used 49786K, committed 50112K, reserved 1114112K
  class space    used 5861K, committed 6016K, reserved 1048576K
}
Event: 9.237 GC heap before
{Heap before GC invocations=18 (full 0):
 garbage-first heap   total 58368K, used 46064K [0x0000000084e00000, 0x0000000100000000)
  region size 1024K, 29 young (29696K), 4 survivors (4096K)
 Metaspace       used 51898K, committed 52224K, reserved 1114112K
  class space    used 6138K, committed 6272K, reserved 1048576K
}
Event: 9.246 GC heap after
{Heap after GC invocations=19 (full 0):
 garbage-first heap   total 70656K, used 21958K [0x0000000084e00000, 0x0000000100000000)
  region size 1024K, 2 young (2048K), 2 survivors (2048K)
 Metaspace       used 51898K, committed 52224K, reserved 1114112K
  class space    used 6138K, committed 6272K, reserved 1048576K
}
Event: 9.704 GC heap before
{Heap before GC invocations=19 (full 0):
 garbage-first heap   total 70656K, used 55750K [0x0000000084e00000, 0x0000000100000000)
  region size 1024K, 35 young (35840K), 2 survivors (2048K)
 Metaspace       used 53725K, committed 54080K, reserved 1114112K
  class space    used 6473K, committed 6656K, reserved 1048576K
}
Event: 9.711 GC heap after
{Heap after GC invocations=20 (full 0):
 garbage-first heap   total 70656K, used 22280K [0x0000000084e00000, 0x0000000100000000)
  region size 1024K, 3 young (3072K), 3 survivors (3072K)
 Metaspace       used 53725K, committed 54080K, reserved 1114112K
  class space    used 6473K, committed 6656K, reserved 1048576K
}
Event: 10.031 GC heap before
{Heap before GC invocations=20 (full 0):
 garbage-first heap   total 70656K, used 56072K [0x0000000084e00000, 0x0000000100000000)
  region size 1024K, 36 young (36864K), 3 survivors (3072K)
 Metaspace       used 54307K, committed 54720K, reserved 1114112K
  class space    used 6507K, committed 6656K, reserved 1048576K
}
Event: 10.036 GC heap after
{Heap after GC invocations=21 (full 0):
 garbage-first heap   total 70656K, used 22878K [0x0000000084e00000, 0x0000000100000000)
  region size 1024K, 3 young (3072K), 3 survivors (3072K)
 Metaspace       used 54307K, committed 54720K, reserved 1114112K
  class space    used 6507K, committed 6656K, reserved 1048576K
}
Event: 10.979 GC heap before
{Heap before GC invocations=21 (full 0):
 garbage-first heap   total 70656K, used 57694K [0x0000000084e00000, 0x0000000100000000)
  region size 1024K, 37 young (37888K), 3 survivors (3072K)
 Metaspace       used 57563K, committed 57984K, reserved 1114112K
  class space    used 6909K, committed 7104K, reserved 1048576K
}
Event: 10.986 GC heap after
{Heap after GC invocations=22 (full 0):
 garbage-first heap   total 70656K, used 23735K [0x0000000084e00000, 0x0000000100000000)
  region size 1024K, 3 young (3072K), 3 survivors (3072K)
 Metaspace       used 57563K, committed 57984K, reserved 1114112K
  class space    used 6909K, committed 7104K, reserved 1048576K
}
Event: 14.529 GC heap before
{Heap before GC invocations=22 (full 0):
 garbage-first heap   total 70656K, used 57527K [0x0000000084e00000, 0x0000000100000000)
  region size 1024K, 36 young (36864K), 3 survivors (3072K)
 Metaspace       used 59687K, committed 60096K, reserved 1114112K
  class space    used 7234K, committed 7424K, reserved 1048576K
}
Event: 14.537 GC heap after
{Heap after GC invocations=23 (full 0):
 garbage-first heap   total 70656K, used 25799K [0x0000000084e00000, 0x0000000100000000)
  region size 1024K, 5 young (5120K), 5 survivors (5120K)
 Metaspace       used 59687K, committed 60096K, reserved 1114112K
  class space    used 7234K, committed 7424K, reserved 1048576K
}
Event: 15.495 GC heap before
{Heap before GC invocations=23 (full 0):
 garbage-first heap   total 70656K, used 31943K [0x0000000084e00000, 0x0000000100000000)
  region size 1024K, 12 young (12288K), 5 survivors (5120K)
 Metaspace       used 60201K, committed 60608K, reserved 1114112K
  class space    used 7299K, committed 7488K, reserved 1048576K
}
Event: 15.502 GC heap after
{Heap after GC invocations=24 (full 0):
 garbage-first heap   total 70656K, used 26259K [0x0000000084e00000, 0x0000000100000000)
  region size 1024K, 3 young (3072K), 3 survivors (3072K)
 Metaspace       used 60201K, committed 60608K, reserved 1114112K
  class space    used 7299K, committed 7488K, reserved 1048576K
}
Event: 1787.413 GC heap before
{Heap before GC invocations=25 (full 0):
 garbage-first heap   total 70656K, used 60051K [0x0000000084e00000, 0x0000000100000000)
  region size 1024K, 33 young (33792K), 3 survivors (3072K)
 Metaspace       used 62508K, committed 63040K, reserved 1114112K
  class space    used 7626K, committed 7872K, reserved 1048576K
}
Event: 1787.421 GC heap after
{Heap after GC invocations=26 (full 0):
 garbage-first heap   total 70656K, used 27522K [0x0000000084e00000, 0x0000000100000000)
  region size 1024K, 4 young (4096K), 4 survivors (4096K)
 Metaspace       used 62508K, committed 63040K, reserved 1114112K
  class space    used 7626K, committed 7872K, reserved 1048576K
}

